<?xml version="1.0" encoding="UTF-8"?>
<!-- Generated by org.testng.reporters.JUnitReportReporter -->
<testsuite hostname="LAPTOP-HVBT8OT2" failures="0" tests="1" name="com.iNetBanking.testcases.TC_LoginTest_01" time="2.392" errors="0" timestamp="2022-02-18T23:25:29 IST" skipped="0">
  <testcase classname="com.iNetBanking.testcases.TC_LoginTest_01" name="Logintest" time="2.392"/>
  <system-out/>
</testsuite> <!-- com.iNetBanking.testcases.TC_LoginTest_01 -->
